{"D:\\read-calculator\\src\\actions\\activeID.js": {"path":"D:\\read-calculator\\src\\actions\\activeID.js","statementMap":{"0":{"start":{"line":2,"column":34},"end":{"line":2,"column":54}},"1":{"start":{"line":4,"column":2},"end":{"line":7,"column":4}}},"fnMap":{"0":{"name":"refActiveTextID","decl":{"start":{"line":3,"column":16},"end":{"line":3,"column":31}},"loc":{"start":{"line":3,"column":50},"end":{"line":8,"column":1}},"line":3}},"branchMap":{},"s":{"0":1,"1":0},"f":{"0":0},"b":{},"_coverageSchema":"332fd63041d2c1bcb487cc26dd0d5f7d97098a6c","hash":"59a26493d6793d9c99678a4ae2d07de1854524a4"}
,"D:\\read-calculator\\src\\actions\\book.js": {"path":"D:\\read-calculator\\src\\actions\\book.js","statementMap":{"0":{"start":{"line":3,"column":29},"end":{"line":3,"column":44}},"1":{"start":{"line":4,"column":32},"end":{"line":4,"column":50}},"2":{"start":{"line":5,"column":35},"end":{"line":5,"column":56}},"3":{"start":{"line":6,"column":28},"end":{"line":6,"column":42}},"4":{"start":{"line":7,"column":31},"end":{"line":7,"column":48}},"5":{"start":{"line":20,"column":2},"end":{"line":23,"column":4}},"6":{"start":{"line":27,"column":2},"end":{"line":30,"column":4}},"7":{"start":{"line":34,"column":2},"end":{"line":37,"column":4}},"8":{"start":{"line":52,"column":2},"end":{"line":56,"column":4}},"9":{"start":{"line":60,"column":2},"end":{"line":63,"column":4}}},"fnMap":{"0":{"name":"refBookList","decl":{"start":{"line":9,"column":16},"end":{"line":9,"column":27}},"loc":{"start":{"line":19,"column":2},"end":{"line":24,"column":1}},"line":19},"1":{"name":"addBookList","decl":{"start":{"line":26,"column":16},"end":{"line":26,"column":27}},"loc":{"start":{"line":26,"column":40},"end":{"line":31,"column":1}},"line":26},"2":{"name":"removeBookList","decl":{"start":{"line":33,"column":16},"end":{"line":33,"column":30}},"loc":{"start":{"line":33,"column":43},"end":{"line":38,"column":1}},"line":33},"3":{"name":"addBookLog","decl":{"start":{"line":40,"column":16},"end":{"line":40,"column":26}},"loc":{"start":{"line":51,"column":2},"end":{"line":57,"column":1}},"line":51},"4":{"name":"removeBookLog","decl":{"start":{"line":59,"column":16},"end":{"line":59,"column":29}},"loc":{"start":{"line":59,"column":42},"end":{"line":64,"column":1}},"line":59}},"branchMap":{},"s":{"0":1,"1":1,"2":1,"3":1,"4":1,"5":0,"6":0,"7":0,"8":0,"9":0},"f":{"0":0,"1":0,"2":0,"3":0,"4":0},"b":{},"_coverageSchema":"332fd63041d2c1bcb487cc26dd0d5f7d97098a6c","hash":"558df4fa35f70cbf41eb0189009a7b69f91fa694"}
,"D:\\read-calculator\\src\\actions\\bookNav.js": {"path":"D:\\read-calculator\\src\\actions\\bookNav.js","statementMap":{"0":{"start":{"line":3,"column":28},"end":{"line":3,"column":42}},"1":{"start":{"line":5,"column":2},"end":{"line":8,"column":4}}},"fnMap":{"0":{"name":"refBookNav","decl":{"start":{"line":4,"column":16},"end":{"line":4,"column":26}},"loc":{"start":{"line":4,"column":44},"end":{"line":9,"column":1}},"line":4}},"branchMap":{},"s":{"0":1,"1":0},"f":{"0":0},"b":{},"_coverageSchema":"332fd63041d2c1bcb487cc26dd0d5f7d97098a6c","hash":"e218d5f65a2103d19e4d14d4cd29d7496ea7e3d6"}
,"D:\\read-calculator\\src\\actions\\index.js": {"path":"D:\\read-calculator\\src\\actions\\index.js","statementMap":{},"fnMap":{},"branchMap":{},"s":{},"f":{},"b":{},"_coverageSchema":"332fd63041d2c1bcb487cc26dd0d5f7d97098a6c","hash":"6da9acfd3aec6b08aa68d561d8868324a9eb75c5"}
,"D:\\read-calculator\\src\\actions\\menu.js": {"path":"D:\\read-calculator\\src\\actions\\menu.js","statementMap":{"0":{"start":{"line":3,"column":26},"end":{"line":3,"column":38}},"1":{"start":{"line":6,"column":2},"end":{"line":9,"column":4}}},"fnMap":{"0":{"name":"navChange","decl":{"start":{"line":5,"column":16},"end":{"line":5,"column":25}},"loc":{"start":{"line":5,"column":40},"end":{"line":10,"column":1}},"line":5}},"branchMap":{},"s":{"0":1,"1":0},"f":{"0":0},"b":{},"_coverageSchema":"332fd63041d2c1bcb487cc26dd0d5f7d97098a6c","hash":"c3bc5ba0f1b04bf2bb783fd5d2c27e9cdbf23864"}
,"D:\\read-calculator\\src\\actions\\result.js": {"path":"D:\\read-calculator\\src\\actions\\result.js","statementMap":{"0":{"start":{"line":3,"column":27},"end":{"line":3,"column":40}},"1":{"start":{"line":16,"column":2},"end":{"line":19,"column":4}}},"fnMap":{"0":{"name":"saveResult","decl":{"start":{"line":5,"column":16},"end":{"line":5,"column":26}},"loc":{"start":{"line":15,"column":2},"end":{"line":20,"column":1}},"line":15}},"branchMap":{},"s":{"0":1,"1":0},"f":{"0":0},"b":{},"_coverageSchema":"332fd63041d2c1bcb487cc26dd0d5f7d97098a6c","hash":"a4e651732fd4fadc1e44c226a827074346f46983"}
,"D:\\read-calculator\\src\\actions\\searchResult.js": {"path":"D:\\read-calculator\\src\\actions\\searchResult.js","statementMap":{"0":{"start":{"line":3,"column":39},"end":{"line":3,"column":64}},"1":{"start":{"line":4,"column":37},"end":{"line":4,"column":60}},"2":{"start":{"line":7,"column":2},"end":{"line":10,"column":4}},"3":{"start":{"line":14,"column":2},"end":{"line":17,"column":4}}},"fnMap":{"0":{"name":"fefEmptySearchResult","decl":{"start":{"line":6,"column":16},"end":{"line":6,"column":36}},"loc":{"start":{"line":6,"column":65},"end":{"line":11,"column":1}},"line":6},"1":{"name":"refLoadingSearchResult","decl":{"start":{"line":13,"column":16},"end":{"line":13,"column":38}},"loc":{"start":{"line":13,"column":69},"end":{"line":18,"column":1}},"line":13}},"branchMap":{},"s":{"0":1,"1":1,"2":0,"3":0},"f":{"0":0,"1":0},"b":{},"_coverageSchema":"332fd63041d2c1bcb487cc26dd0d5f7d97098a6c","hash":"6b93c5e8961c988574709d06926a3c408b552bd3"}
,"D:\\read-calculator\\src\\actions\\timer.js": {"path":"D:\\read-calculator\\src\\actions\\timer.js","statementMap":{"0":{"start":{"line":3,"column":33},"end":{"line":3,"column":52}},"1":{"start":{"line":4,"column":33},"end":{"line":4,"column":52}},"2":{"start":{"line":7,"column":2},"end":{"line":10,"column":4}},"3":{"start":{"line":14,"column":2},"end":{"line":17,"column":4}}},"fnMap":{"0":{"name":"refTimerRunning","decl":{"start":{"line":6,"column":16},"end":{"line":6,"column":31}},"loc":{"start":{"line":6,"column":55},"end":{"line":11,"column":1}},"line":6},"1":{"name":"refTimerVisible","decl":{"start":{"line":13,"column":16},"end":{"line":13,"column":31}},"loc":{"start":{"line":13,"column":55},"end":{"line":18,"column":1}},"line":13}},"branchMap":{},"s":{"0":1,"1":1,"2":0,"3":0},"f":{"0":0,"1":0},"b":{},"_coverageSchema":"332fd63041d2c1bcb487cc26dd0d5f7d97098a6c","hash":"eaee37f7654e4885f7fa79bb6be525c061688aee"}
,"D:\\read-calculator\\src\\reducers\\result.js": {"path":"D:\\read-calculator\\src\\reducers\\result.js","statementMap":{"0":{"start":{"line":46,"column":2},"end":{"line":55,"column":3}},"1":{"start":{"line":48,"column":6},"end":{"line":51,"column":8}},"2":{"start":{"line":54,"column":6},"end":{"line":54,"column":19}}},"fnMap":{"0":{"name":"result","decl":{"start":{"line":35,"column":9},"end":{"line":35,"column":15}},"loc":{"start":{"line":45,"column":9},"end":{"line":56,"column":1}},"line":45}},"branchMap":{"0":{"loc":{"start":{"line":36,"column":2},"end":{"line":43,"column":3}},"type":"default-arg","locations":[{"start":{"line":36,"column":17},"end":{"line":43,"column":3}}],"line":36},"1":{"loc":{"start":{"line":46,"column":2},"end":{"line":55,"column":3}},"type":"switch","locations":[{"start":{"line":47,"column":4},"end":{"line":51,"column":8}},{"start":{"line":53,"column":4},"end":{"line":54,"column":19}}],"line":46}},"s":{"0":2,"1":1,"2":1},"f":{"0":2},"b":{"0":[1],"1":[1,1]},"_coverageSchema":"332fd63041d2c1bcb487cc26dd0d5f7d97098a6c","hash":"eed4c246eb2b75dc86757e21761a223773ea4abd"}
}
