TN:
SF:D:\read-calculator\src\actions\activeID.js
FN:3,refActiveTextID
FNF:1
FNH:0
FNDA:0,refActiveTextID
DA:2,1
DA:4,0
LF:2
LH:1
BRF:0
BRH:0
end_of_record
TN:
SF:D:\read-calculator\src\actions\book.js
FN:9,refBookList
FN:26,addBookList
FN:33,removeBookList
FN:40,addBookLog
FN:59,removeBookLog
FNF:5
FNH:0
FNDA:0,refBookList
FNDA:0,addBookList
FNDA:0,removeBookList
FNDA:0,addBookLog
FNDA:0,removeBookLog
DA:3,1
DA:4,1
DA:5,1
DA:6,1
DA:7,1
DA:20,0
DA:27,0
DA:34,0
DA:52,0
DA:60,0
LF:10
LH:5
BRF:0
BRH:0
end_of_record
TN:
SF:D:\read-calculator\src\actions\bookNav.js
FN:4,refBookNav
FNF:1
FNH:0
FNDA:0,refBookNav
DA:3,1
DA:5,0
LF:2
LH:1
BRF:0
BRH:0
end_of_record
TN:
SF:D:\read-calculator\src\actions\index.js
FNF:0
FNH:0
LF:0
LH:0
BRF:0
BRH:0
end_of_record
TN:
SF:D:\read-calculator\src\actions\menu.js
FN:5,navChange
FNF:1
FNH:0
FNDA:0,navChange
DA:3,1
DA:6,0
LF:2
LH:1
BRF:0
BRH:0
end_of_record
TN:
SF:D:\read-calculator\src\actions\result.js
FN:5,saveResult
FNF:1
FNH:0
FNDA:0,saveResult
DA:3,1
DA:16,0
LF:2
LH:1
BRF:0
BRH:0
end_of_record
TN:
SF:D:\read-calculator\src\actions\searchResult.js
FN:6,fefEmptySearchResult
FN:13,refLoadingSearchResult
FNF:2
FNH:0
FNDA:0,fefEmptySearchResult
FNDA:0,refLoadingSearchResult
DA:3,1
DA:4,1
DA:7,0
DA:14,0
LF:4
LH:2
BRF:0
BRH:0
end_of_record
TN:
SF:D:\read-calculator\src\actions\timer.js
FN:6,refTimerRunning
FN:13,refTimerVisible
FNF:2
FNH:0
FNDA:0,refTimerRunning
FNDA:0,refTimerVisible
DA:3,1
DA:4,1
DA:7,0
DA:14,0
LF:4
LH:2
BRF:0
BRH:0
end_of_record
TN:
SF:D:\read-calculator\src\reducers\result.js
FN:35,result
FNF:1
FNH:1
FNDA:2,result
DA:46,2
DA:48,1
DA:54,1
LF:3
LH:3
BRDA:36,0,0,1
BRDA:46,1,0,1
BRDA:46,1,1,1
BRF:3
BRH:3
end_of_record
